<?xml version="1.0" encoding="UTF-8"?>
<!-- Generated by org.testng.reporters.JUnitReportReporter -->
<testsuite skipped="0" hostname="LAPTOP-V5ISSR0O" name="demotestng.DemoProvider" tests="3" failures="0" timestamp="2021-07-23T16:11:24 IST" time="0.011" errors="0">
  <testcase name="tc" time="0.008" classname="demotestng.DemoProvider"/>
  <system-out/>
  <testcase name="tc" time="0.002" classname="demotestng.DemoProvider"/>
  <system-out/>
  <testcase name="tc" time="0.001" classname="demotestng.DemoProvider"/>
  <system-out/>
</testsuite> <!-- demotestng.DemoProvider -->
