<?xml version="1.0" encoding="UTF-8"?>
<!-- Generated by org.testng.reporters.JUnitReportReporter -->
<testsuite skipped="0" hostname="LAPTOP-V5ISSR0O" name="demotestng.Demo4" tests="1" failures="0" timestamp="2021-07-22T15:58:02 IST" time="0.008" errors="0">
  <testcase name="tc" time="0.008" classname="demotestng.Demo4"/>
  <system-out/>
</testsuite> <!-- demotestng.Demo4 -->
