<?xml version="1.0" encoding="UTF-8"?>
<!-- Generated by org.testng.reporters.JUnitReportReporter -->
<testsuite skipped="0" hostname="LAPTOP-V5ISSR0O" name="demotestng.Parallel2" tests="1" failures="0" timestamp="2021-07-26T11:51:59 IST" time="9.688" errors="0">
  <testcase name="tc_1" time="9.688" classname="demotestng.Parallel2"/>
  <system-out/>
</testsuite> <!-- demotestng.Parallel2 -->
