<?xml version="1.0" encoding="UTF-8"?>
<!-- Generated by org.testng.reporters.JUnitReportReporter -->
<testsuite skipped="0" hostname="LAPTOP-V5ISSR0O" name="demotestng.MethodParallel" tests="2" failures="0" timestamp="2021-07-26T12:22:53 IST" time="19.832" errors="0">
  <testcase name="tc_2" time="9.959" classname="demotestng.MethodParallel"/>
  <system-out/>
  <testcase name="tc_1" time="9.873" classname="demotestng.MethodParallel"/>
  <system-out/>
</testsuite> <!-- demotestng.MethodParallel -->
