<?xml version="1.0" encoding="UTF-8"?>
<!-- Generated by org.testng.reporters.JUnitReportReporter -->
<testsuite skipped="0" hostname="LAPTOP-V5ISSR0O" name="demotestng.Demo5" tests="2" failures="0" timestamp="2021-07-22T16:28:35 IST" time="0.008" errors="0">
  <testcase name="tc2" time="0.002" classname="demotestng.Demo5"/>
  <system-out/>
  <testcase name="tc1" time="0.006" classname="demotestng.Demo5"/>
  <system-out/>
</testsuite> <!-- demotestng.Demo5 -->
