<?xml version="1.0" encoding="UTF-8"?>
<!-- Generated by org.testng.reporters.JUnitReportReporter -->
<testsuite skipped="0" hostname="LAPTOP-V5ISSR0O" name="demotestng.Demo3" tests="2" failures="0" timestamp="2021-07-21T20:55:44 IST" time="20.708" errors="0">
  <testcase name="tc_1" time="9.430" classname="demotestng.Demo3"/>
  <system-out/>
  <testcase name="tc_2" time="11.278" classname="demotestng.Demo3"/>
  <system-out/>
</testsuite> <!-- demotestng.Demo3 -->
