<?xml version="1.0" encoding="UTF-8"?>
<!-- Generated by org.testng.reporters.JUnitReportReporter -->
<testsuite skipped="0" hostname="LAPTOP-V5ISSR0O" name="demotestng.Demo2" tests="5" failures="0" timestamp="2021-07-21T20:24:04 IST" time="43.852" errors="0">
  <testcase name="tc_1" time="8.636" classname="demotestng.Demo2"/>
  <system-out/>
  <testcase name="tc_1" time="8.342" classname="demotestng.Demo2"/>
  <system-out/>
  <testcase name="tc_1" time="9.373" classname="demotestng.Demo2"/>
  <system-out/>
  <testcase name="tc_1" time="8.763" classname="demotestng.Demo2"/>
  <system-out/>
  <testcase name="tc_1" time="8.738" classname="demotestng.Demo2"/>
  <system-out/>
</testsuite> <!-- demotestng.Demo2 -->
