<?xml version="1.0" encoding="UTF-8"?>
<!-- Generated by org.testng.reporters.JUnitReportReporter -->
<testsuite skipped="0" hostname="LAPTOP-V5ISSR0O" name="demotestng.Demo1" tests="1" failures="0" timestamp="2021-07-21T20:18:57 IST" time="5.659" errors="0">
  <testcase name="tc_1" time="5.659" classname="demotestng.Demo1"/>
  <system-out/>
</testsuite> <!-- demotestng.Demo1 -->
